<?xml version="1.0" encoding="UTF-8"?>
<testng-results skipped="0" failed="0" total="2" passed="2">
  <reporter-output>
    <line>
      <![CDATA[2017-04-20 10:03:46 : 打开浏览器,输入地址:https://bosslogin.t11.zbjdev.com/cp-dirlogin?back_url=http://devops.test.zbjdev.com/calllogin&appid=13353]]>
    </line>
    <line>
      <![CDATA[2017-04-20 10:03:46 : 打开浏览器,输入地址:https://bosslogin.t11.zbjdev.com/cp-dirlogin?back_url=http://devops.test.zbjdev.com/calllogin&appid=13353]]>
    </line>
    <line>
      <![CDATA[2017-04-20 10:03:47 : 输入用户名]]>
    </line>
    <line>
      <![CDATA[2017-04-20 10:03:47 : 输入用户名]]>
    </line>
    <line>
      <![CDATA[2017-04-20 10:03:47 : 输入密码]]>
    </line>
    <line>
      <![CDATA[2017-04-20 10:03:47 : 输入密码]]>
    </line>
    <line>
      <![CDATA[2017-04-20 10:03:47 : 点击登陆]]>
    </line>
    <line>
      <![CDATA[2017-04-20 10:03:47 : 点击登陆]]>
    </line>
    <line>
      <![CDATA[2017-04-20 10:03:47 : assertTrue(true,断言：登录成功)]]>
    </line>
    <line>
      <![CDATA[2017-04-20 10:03:47 : assertTrue(true,断言：登录成功)]]>
    </line>
  </reporter-output>
  <suite name="suite" duration-ms="15449" started-at="2017-04-20T02:03:37Z" finished-at="2017-04-20T02:03:53Z">
    <groups>
    </groups>
    <test name="devops-regress-test" duration-ms="15449" started-at="2017-04-20T02:03:37Z" finished-at="2017-04-20T02:03:53Z">
      <class name="com.zhubajie.qa.testcase.TestLogin2">
        <test-method status="PASS" signature="initialDriver()[pri:0, instance:com.zhubajie.qa.testcase.TestLogin2@6cd8737]" name="initialDriver" is-config="true" duration-ms="4327" started-at="2017-04-20T10:03:37Z" finished-at="2017-04-20T10:03:42Z">
          <reporter-output>
          </reporter-output>
        </test-method> <!-- initialDriver -->
        <test-method status="PASS" signature="testLogin(java.util.Map)[pri:0, instance:com.zhubajie.qa.testcase.TestLogin2@6cd8737]" name="testLogin" duration-ms="8230" started-at="2017-04-20T10:03:44Z" data-provider="dataDriver" finished-at="2017-04-20T10:03:52Z">
          <params>
            <param index="0">
              <value>
                <![CDATA[{password=123456, username=chenggang}]]>
              </value>
            </param>
          </params>
          <reporter-output>
            <line>
              <![CDATA[2017-04-20 10:03:46 : 打开浏览器,输入地址:https://bosslogin.t11.zbjdev.com/cp-dirlogin?back_url=http://devops.test.zbjdev.com/calllogin&appid=13353]]>
            </line>
            <line>
              <![CDATA[2017-04-20 10:03:47 : 输入用户名]]>
            </line>
            <line>
              <![CDATA[2017-04-20 10:03:47 : 输入密码]]>
            </line>
            <line>
              <![CDATA[2017-04-20 10:03:47 : 点击登陆]]>
            </line>
            <line>
              <![CDATA[2017-04-20 10:03:47 : assertTrue(true,断言：登录成功)]]>
            </line>
          </reporter-output>
        </test-method> <!-- testLogin -->
        <test-method status="PASS" signature="closeDriver()[pri:0, instance:com.zhubajie.qa.testcase.TestLogin2@6cd8737]" name="closeDriver" is-config="true" duration-ms="786" started-at="2017-04-20T10:03:52Z" finished-at="2017-04-20T10:03:53Z">
          <reporter-output>
          </reporter-output>
        </test-method> <!-- closeDriver -->
      </class> <!-- com.zhubajie.qa.testcase.TestLogin2 -->
      <class name="com.zhubajie.qa.testcase.TestLogin">
        <test-method status="PASS" signature="initialDriver()[pri:0, instance:com.zhubajie.qa.testcase.TestLogin@6b2fad11]" name="initialDriver" is-config="true" duration-ms="4326" started-at="2017-04-20T10:03:37Z" finished-at="2017-04-20T10:03:42Z">
          <reporter-output>
          </reporter-output>
        </test-method> <!-- initialDriver -->
        <test-method status="PASS" signature="testLogin(java.util.Map)[pri:0, instance:com.zhubajie.qa.testcase.TestLogin@6b2fad11]" name="testLogin" duration-ms="8237" started-at="2017-04-20T10:03:44Z" data-provider="dataDriver" finished-at="2017-04-20T10:03:52Z">
          <params>
            <param index="0">
              <value>
                <![CDATA[{password=123456, username=chenggang}]]>
              </value>
            </param>
          </params>
          <reporter-output>
            <line>
              <![CDATA[2017-04-20 10:03:46 : 打开浏览器,输入地址:https://bosslogin.t11.zbjdev.com/cp-dirlogin?back_url=http://devops.test.zbjdev.com/calllogin&appid=13353]]>
            </line>
            <line>
              <![CDATA[2017-04-20 10:03:47 : 输入用户名]]>
            </line>
            <line>
              <![CDATA[2017-04-20 10:03:47 : 输入密码]]>
            </line>
            <line>
              <![CDATA[2017-04-20 10:03:47 : 点击登陆]]>
            </line>
            <line>
              <![CDATA[2017-04-20 10:03:47 : assertTrue(true,断言：登录成功)]]>
            </line>
          </reporter-output>
        </test-method> <!-- testLogin -->
        <test-method status="PASS" signature="closeDriver()[pri:0, instance:com.zhubajie.qa.testcase.TestLogin@6b2fad11]" name="closeDriver" is-config="true" duration-ms="682" started-at="2017-04-20T10:03:52Z" finished-at="2017-04-20T10:03:53Z">
          <reporter-output>
          </reporter-output>
        </test-method> <!-- closeDriver -->
      </class> <!-- com.zhubajie.qa.testcase.TestLogin -->
    </test> <!-- devops-regress-test -->
  </suite> <!-- suite -->
</testng-results>
